{"C:\\Users\\USER.DESKTOP-DFHV4BU\\projects\\AUGUST-CODES\\frontend-interview\\frontend-interview-test\\FXIQ\\imageMock.js": {"path":"C:\\Users\\USER.DESKTOP-DFHV4BU\\projects\\AUGUST-CODES\\frontend-interview\\frontend-interview-test\\FXIQ\\imageMock.js","statementMap":{"0":{"start":{"line":1,"column":0},"end":{"line":1,"column":20}}},"fnMap":{},"branchMap":{},"s":{"0":1},"f":{},"b":{},"inputSourceMap":null,"_coverageSchema":"1a1c01bbd47fc00a2c39e90264f33305004495a9","hash":"d1b94962a4725e6e7c6887c10e9cd8509f60527e"}
,"C:\\Users\\USER.DESKTOP-DFHV4BU\\projects\\AUGUST-CODES\\frontend-interview\\frontend-interview-test\\FXIQ\\src\\components\\Article.tsx": {"path":"C:\\Users\\USER.DESKTOP-DFHV4BU\\projects\\AUGUST-CODES\\frontend-interview\\frontend-interview-test\\FXIQ\\src\\components\\Article.tsx","statementMap":{"0":{"start":{"line":2,"column":4},"end":{"line":33,"column":null}},"1":{"start":{"line":1,"column":0},"end":{"line":1,"column":24}}},"fnMap":{"0":{"name":"Article","decl":{"start":{"line":1,"column":24},"end":{"line":1,"column":31}},"loc":{"start":{"line":1,"column":48},"end":{"line":34,"column":1}}}},"branchMap":{"0":{"loc":{"start":{"line":24,"column":13},"end":{"line":30,"column":null}},"type":"binary-expr","locations":[{"start":{"line":24,"column":13},"end":{"line":24,"column":31}},{"start":{"line":25,"column":16},"end":{"line":25,"column":45}},{"start":{"line":26,"column":20},"end":{"line":29,"column":null}}]}},"s":{"0":4,"1":2},"f":{"0":4},"b":{"0":[4,2,1]}}
,"C:\\Users\\USER.DESKTOP-DFHV4BU\\projects\\AUGUST-CODES\\frontend-interview\\frontend-interview-test\\FXIQ\\src\\components\\Articles.tsx": {"path":"C:\\Users\\USER.DESKTOP-DFHV4BU\\projects\\AUGUST-CODES\\frontend-interview\\frontend-interview-test\\FXIQ\\src\\components\\Articles.tsx","statementMap":{"0":{"start":{"line":1,"column":0},"end":{"line":1,"column":61}},"1":{"start":{"line":2,"column":0},"end":{"line":2,"column":32}},"2":{"start":{"line":3,"column":0},"end":{"line":3,"column":30}},"3":{"start":{"line":4,"column":0},"end":{"line":4,"column":42}},"4":{"start":{"line":5,"column":0},"end":{"line":5,"column":63}},"5":{"start":{"line":8,"column":13},"end":{"line":8,"column":76}},"6":{"start":{"line":9,"column":61},"end":{"line":9,"column":85}},"7":{"start":{"line":11,"column":1},"end":{"line":27,"column":3}},"8":{"start":{"line":20,"column":7},"end":{"line":20,"column":54}},"9":{"start":{"line":7,"column":0},"end":{"line":7,"column":24}}},"fnMap":{"0":{"name":"ArticlePage","decl":{"start":{"line":7,"column":24},"end":{"line":7,"column":35}},"loc":{"start":{"line":7,"column":35},"end":{"line":28,"column":1}}},"1":{"name":"(anonymous_1)","decl":{"start":{"line":19,"column":29},"end":{"line":19,"column":30}},"loc":{"start":{"line":20,"column":7},"end":{"line":20,"column":54}}}},"branchMap":{"0":{"loc":{"start":{"line":16,"column":5},"end":{"line":23,"column":null}},"type":"cond-expr","locations":[{"start":{"line":16,"column":23},"end":{"line":16,"column":33}},{"start":{"line":17,"column":5},"end":{"line":23,"column":35}}]},"1":{"loc":{"start":{"line":17,"column":5},"end":{"line":23,"column":35}},"type":"cond-expr","locations":[{"start":{"line":18,"column":5},"end":{"line":21,"column":null}},{"start":{"line":23,"column":5},"end":{"line":23,"column":35}}]}},"s":{"0":1,"1":1,"2":1,"3":1,"4":1,"5":3,"6":3,"7":3,"8":2,"9":1},"f":{"0":3,"1":2},"b":{"0":[1,2],"1":[1,1]}}
,"C:\\Users\\USER.DESKTOP-DFHV4BU\\projects\\AUGUST-CODES\\frontend-interview\\frontend-interview-test\\FXIQ\\src\\components\\Book.tsx": {"path":"C:\\Users\\USER.DESKTOP-DFHV4BU\\projects\\AUGUST-CODES\\frontend-interview\\frontend-interview-test\\FXIQ\\src\\components\\Book.tsx","statementMap":{"0":{"start":{"line":8,"column":4},"end":{"line":65,"column":null}},"1":{"start":{"line":46,"column":36},"end":{"line":46,"column":null}},"2":{"start":{"line":7,"column":0},"end":{"line":7,"column":24}}},"fnMap":{"0":{"name":"Book","decl":{"start":{"line":7,"column":24},"end":{"line":7,"column":28}},"loc":{"start":{"line":7,"column":48},"end":{"line":66,"column":1}}},"1":{"name":"(anonymous_1)","decl":{"start":{"line":42,"column":32},"end":{"line":42,"column":null}},"loc":{"start":{"line":46,"column":36},"end":{"line":46,"column":null}}}},"branchMap":{"0":{"loc":{"start":{"line":20,"column":13},"end":{"line":62,"column":null}},"type":"binary-expr","locations":[{"start":{"line":20,"column":13},"end":{"line":20,"column":28}},{"start":{"line":21,"column":16},"end":{"line":61,"column":null}}]}},"s":{"0":3,"1":2,"2":2},"f":{"0":3,"1":2},"b":{"0":[3,1]}}
,"C:\\Users\\USER.DESKTOP-DFHV4BU\\projects\\AUGUST-CODES\\frontend-interview\\frontend-interview-test\\FXIQ\\src\\components\\ErrorDisplay.tsx": {"path":"C:\\Users\\USER.DESKTOP-DFHV4BU\\projects\\AUGUST-CODES\\frontend-interview\\frontend-interview-test\\FXIQ\\src\\components\\ErrorDisplay.tsx","statementMap":{"0":{"start":{"line":2,"column":4},"end":{"line":4,"column":null}},"1":{"start":{"line":1,"column":0},"end":{"line":1,"column":24}}},"fnMap":{"0":{"name":"ErrorDisplay","decl":{"start":{"line":1,"column":24},"end":{"line":1,"column":36}},"loc":{"start":{"line":1,"column":60},"end":{"line":5,"column":1}}}},"branchMap":{},"s":{"0":2,"1":3},"f":{"0":2},"b":{}}
,"C:\\Users\\USER.DESKTOP-DFHV4BU\\projects\\AUGUST-CODES\\frontend-interview\\frontend-interview-test\\FXIQ\\src\\components\\Home.tsx": {"path":"C:\\Users\\USER.DESKTOP-DFHV4BU\\projects\\AUGUST-CODES\\frontend-interview\\frontend-interview-test\\FXIQ\\src\\components\\Home.tsx","statementMap":{"0":{"start":{"line":1,"column":0},"end":{"line":1,"column":40}},"1":{"start":{"line":2,"column":0},"end":{"line":2,"column":61}},"2":{"start":{"line":3,"column":0},"end":{"line":3,"column":26}},"3":{"start":{"line":4,"column":0},"end":{"line":4,"column":30}},"4":{"start":{"line":5,"column":0},"end":{"line":5,"column":42}},"5":{"start":{"line":6,"column":0},"end":{"line":6,"column":63}},"6":{"start":{"line":9,"column":13},"end":{"line":9,"column":95}},"7":{"start":{"line":10,"column":57},"end":{"line":10,"column":81}},"8":{"start":{"line":12,"column":1},"end":{"line":39,"column":3}},"9":{"start":{"line":31,"column":9},"end":{"line":31,"column":49}},"10":{"start":{"line":8,"column":0},"end":{"line":8,"column":24}}},"fnMap":{"0":{"name":"Home","decl":{"start":{"line":8,"column":24},"end":{"line":8,"column":28}},"loc":{"start":{"line":8,"column":28},"end":{"line":40,"column":1}}},"1":{"name":"(anonymous_1)","decl":{"start":{"line":30,"column":8},"end":{"line":30,"column":9}},"loc":{"start":{"line":31,"column":9},"end":{"line":31,"column":49}}}},"branchMap":{"0":{"loc":{"start":{"line":18,"column":4},"end":{"line":36,"column":null}},"type":"cond-expr","locations":[{"start":{"line":19,"column":4},"end":{"line":19,"column":14}},{"start":{"line":20,"column":8},"end":{"line":36,"column":36}}]},"1":{"loc":{"start":{"line":20,"column":8},"end":{"line":36,"column":36}},"type":"cond-expr","locations":[{"start":{"line":21,"column":5},"end":{"line":34,"column":null}},{"start":{"line":36,"column":6},"end":{"line":36,"column":36}}]}},"s":{"0":1,"1":1,"2":1,"3":1,"4":1,"5":1,"6":3,"7":3,"8":3,"9":2,"10":1},"f":{"0":3,"1":2},"b":{"0":[1,2],"1":[1,1]}}
,"C:\\Users\\USER.DESKTOP-DFHV4BU\\projects\\AUGUST-CODES\\frontend-interview\\frontend-interview-test\\FXIQ\\src\\components\\Library.tsx": {"path":"C:\\Users\\USER.DESKTOP-DFHV4BU\\projects\\AUGUST-CODES\\frontend-interview\\frontend-interview-test\\FXIQ\\src\\components\\Library.tsx","statementMap":{"0":{"start":{"line":1,"column":0},"end":{"line":1,"column":34}},"1":{"start":{"line":3,"column":0},"end":{"line":3,"column":42}},"2":{"start":{"line":4,"column":0},"end":{"line":4,"column":63}},"3":{"start":{"line":6,"column":20},"end":{"line":11,"column":2}},"4":{"start":{"line":20,"column":6},"end":{"line":20,"column":45}},"5":{"start":{"line":22,"column":32},"end":{"line":22,"column":63}},"6":{"start":{"line":24,"column":28},"end":{"line":27,"column":3}},"7":{"start":{"line":25,"column":28},"end":{"line":25,"column":36}},"8":{"start":{"line":26,"column":4},"end":{"line":26,"column":46}},"9":{"start":{"line":29,"column":32},"end":{"line":48,"column":3}},"10":{"start":{"line":30,"column":4},"end":{"line":33,"column":5}},"11":{"start":{"line":31,"column":6},"end":{"line":31,"column":null}},"12":{"start":{"line":32,"column":6},"end":{"line":32,"column":13}},"13":{"start":{"line":34,"column":4},"end":{"line":37,"column":5}},"14":{"start":{"line":35,"column":6},"end":{"line":35,"column":null}},"15":{"start":{"line":36,"column":6},"end":{"line":36,"column":13}},"16":{"start":{"line":38,"column":4},"end":{"line":41,"column":5}},"17":{"start":{"line":39,"column":6},"end":{"line":39,"column":null}},"18":{"start":{"line":40,"column":6},"end":{"line":40,"column":13}},"19":{"start":{"line":42,"column":4},"end":{"line":45,"column":5}},"20":{"start":{"line":43,"column":6},"end":{"line":43,"column":null}},"21":{"start":{"line":44,"column":6},"end":{"line":44,"column":13}},"22":{"start":{"line":47,"column":4},"end":{"line":47,"column":null}},"23":{"start":{"line":50,"column":2},"end":{"line":123,"column":4}},"24":{"start":{"line":54,"column":141},"end":{"line":54,"column":163}},"25":{"start":{"line":104,"column":14},"end":{"line":104,"column":null}},"26":{"start":{"line":105,"column":14},"end":{"line":105,"column":null}},"27":{"start":{"line":114,"column":12},"end":{"line":114,"column":29}},"28":{"start":{"line":13,"column":0},"end":{"line":13,"column":24}}},"fnMap":{"0":{"name":"LibraryPage","decl":{"start":{"line":13,"column":24},"end":{"line":13,"column":35}},"loc":{"start":{"line":13,"column":35},"end":{"line":124,"column":1}}},"1":{"name":"(anonymous_1)","decl":{"start":{"line":24,"column":28},"end":{"line":24,"column":29}},"loc":{"start":{"line":24,"column":39},"end":{"line":27,"column":3}}},"2":{"name":"(anonymous_2)","decl":{"start":{"line":29,"column":32},"end":{"line":29,"column":35}},"loc":{"start":{"line":29,"column":37},"end":{"line":48,"column":3}}},"3":{"name":"(anonymous_3)","decl":{"start":{"line":54,"column":135},"end":{"line":54,"column":138}},"loc":{"start":{"line":54,"column":141},"end":{"line":54,"column":163}}},"4":{"name":"(anonymous_4)","decl":{"start":{"line":103,"column":21},"end":{"line":103,"column":22}},"loc":{"start":{"line":103,"column":27},"end":{"line":106,"column":13}}},"5":{"name":"(anonymous_5)","decl":{"start":{"line":113,"column":21},"end":{"line":113,"column":22}},"loc":{"start":{"line":114,"column":12},"end":{"line":114,"column":29}}}},"branchMap":{"0":{"loc":{"start":{"line":30,"column":4},"end":{"line":33,"column":5}},"type":"if","locations":[{"start":{"line":30,"column":4},"end":{"line":33,"column":5}}]},"1":{"loc":{"start":{"line":34,"column":4},"end":{"line":37,"column":5}},"type":"if","locations":[{"start":{"line":34,"column":4},"end":{"line":37,"column":5}}]},"2":{"loc":{"start":{"line":38,"column":4},"end":{"line":41,"column":5}},"type":"if","locations":[{"start":{"line":38,"column":4},"end":{"line":41,"column":5}}]},"3":{"loc":{"start":{"line":42,"column":4},"end":{"line":45,"column":5}},"type":"if","locations":[{"start":{"line":42,"column":4},"end":{"line":45,"column":5}}]},"4":{"loc":{"start":{"line":55,"column":9},"end":{"line":55,"column":50}},"type":"cond-expr","locations":[{"start":{"line":55,"column":21},"end":{"line":55,"column":35}},{"start":{"line":55,"column":38},"end":{"line":55,"column":50}}]},"5":{"loc":{"start":{"line":58,"column":7},"end":{"line":110,"column":null}},"type":"binary-expr","locations":[{"start":{"line":58,"column":7},"end":{"line":58,"column":15}},{"start":{"line":59,"column":8},"end":{"line":109,"column":null}}]},"6":{"loc":{"start":{"line":100,"column":13},"end":{"line":100,"column":52}},"type":"binary-expr","locations":[{"start":{"line":100,"column":13},"end":{"line":100,"column":18}},{"start":{"line":100,"column":22},"end":{"line":100,"column":52}}]},"7":{"loc":{"start":{"line":112,"column":7},"end":{"line":121,"column":63}},"type":"cond-expr","locations":[{"start":{"line":112,"column":16},"end":{"line":120,"column":null}},{"start":{"line":121,"column":15},"end":{"line":121,"column":63}}]}},"s":{"0":1,"1":1,"2":1,"3":1,"4":8,"5":8,"6":8,"7":0,"8":0,"9":8,"10":0,"11":0,"12":0,"13":0,"14":0,"15":0,"16":0,"17":0,"18":0,"19":0,"20":0,"21":0,"22":0,"23":8,"24":2,"25":0,"26":0,"27":12,"28":1},"f":{"0":8,"1":0,"2":0,"3":2,"4":0,"5":12},"b":{"0":[0],"1":[0],"2":[0],"3":[0],"4":[8,0],"5":[8,0],"6":[0,0],"7":[8,0]}}
,"C:\\Users\\USER.DESKTOP-DFHV4BU\\projects\\AUGUST-CODES\\frontend-interview\\frontend-interview-test\\FXIQ\\src\\components\\Loader.tsx": {"path":"C:\\Users\\USER.DESKTOP-DFHV4BU\\projects\\AUGUST-CODES\\frontend-interview\\frontend-interview-test\\FXIQ\\src\\components\\Loader.tsx","statementMap":{"0":{"start":{"line":2,"column":4},"end":{"line":4,"column":null}},"1":{"start":{"line":1,"column":0},"end":{"line":1,"column":24}}},"fnMap":{"0":{"name":"Loader","decl":{"start":{"line":1,"column":24},"end":{"line":1,"column":30}},"loc":{"start":{"line":1,"column":30},"end":{"line":5,"column":1}}}},"branchMap":{},"s":{"0":2,"1":2},"f":{"0":2},"b":{}}
,"C:\\Users\\USER.DESKTOP-DFHV4BU\\projects\\AUGUST-CODES\\frontend-interview\\frontend-interview-test\\FXIQ\\src\\constants\\url-details.ts": {"path":"C:\\Users\\USER.DESKTOP-DFHV4BU\\projects\\AUGUST-CODES\\frontend-interview\\frontend-interview-test\\FXIQ\\src\\constants\\url-details.ts","statementMap":{"0":{"start":{"line":3,"column":13},"end":{"line":3,"column":null}},"1":{"start":{"line":4,"column":13},"end":{"line":4,"column":null}}},"fnMap":{},"branchMap":{},"s":{"0":3,"1":3},"f":{},"b":{}}
,"C:\\Users\\USER.DESKTOP-DFHV4BU\\projects\\AUGUST-CODES\\frontend-interview\\frontend-interview-test\\FXIQ\\src\\hooks\\useRequestProcessor.ts": {"path":"C:\\Users\\USER.DESKTOP-DFHV4BU\\projects\\AUGUST-CODES\\frontend-interview\\frontend-interview-test\\FXIQ\\src\\hooks\\useRequestProcessor.ts","statementMap":{"0":{"start":{"line":1,"column":0},"end":{"line":1,"column":44}},"1":{"start":{"line":6,"column":26},"end":{"line":6,"column":53}},"2":{"start":{"line":7,"column":32},"end":{"line":7,"column":47}},"3":{"start":{"line":8,"column":28},"end":{"line":8,"column":43}},"4":{"start":{"line":10,"column":34},"end":{"line":10,"column":49}},"5":{"start":{"line":12,"column":18},"end":{"line":38,"column":3}},"6":{"start":{"line":13,"column":4},"end":{"line":33,"column":5}},"7":{"start":{"line":14,"column":6},"end":{"line":31,"column":7}},"8":{"start":{"line":15,"column":8},"end":{"line":15,"column":25}},"9":{"start":{"line":16,"column":25},"end":{"line":16,"column":41}},"10":{"start":{"line":18,"column":8},"end":{"line":21,"column":9}},"11":{"start":{"line":19,"column":38},"end":{"line":19,"column":59}},"12":{"start":{"line":20,"column":10},"end":{"line":20,"column":49}},"13":{"start":{"line":23,"column":32},"end":{"line":23,"column":53}},"14":{"start":{"line":24,"column":8},"end":{"line":24,"column":22}},"15":{"start":{"line":25,"column":8},"end":{"line":25,"column":21}},"16":{"start":{"line":27,"column":8},"end":{"line":27,"column":null}},"17":{"start":{"line":28,"column":8},"end":{"line":28,"column":32}},"18":{"start":{"line":30,"column":8},"end":{"line":30,"column":26}},"19":{"start":{"line":32,"column":6},"end":{"line":32,"column":13}},"20":{"start":{"line":35,"column":22},"end":{"line":35,"column":87}},"21":{"start":{"line":36,"column":4},"end":{"line":36,"column":null}},"22":{"start":{"line":40,"column":21},"end":{"line":78,"column":3}},"23":{"start":{"line":42,"column":4},"end":{"line":63,"column":5}},"24":{"start":{"line":43,"column":6},"end":{"line":61,"column":7}},"25":{"start":{"line":44,"column":8},"end":{"line":44,"column":25}},"26":{"start":{"line":45,"column":25},"end":{"line":51,"column":10}},"27":{"start":{"line":52,"column":8},"end":{"line":55,"column":9}},"28":{"start":{"line":53,"column":38},"end":{"line":53,"column":59}},"29":{"start":{"line":54,"column":10},"end":{"line":54,"column":49}},"30":{"start":{"line":56,"column":8},"end":{"line":56,"column":18}},"31":{"start":{"line":58,"column":8},"end":{"line":58,"column":32}},"32":{"start":{"line":60,"column":8},"end":{"line":60,"column":26}},"33":{"start":{"line":62,"column":6},"end":{"line":62,"column":12}},"34":{"start":{"line":65,"column":4},"end":{"line":76,"column":5}},"35":{"start":{"line":67,"column":25},"end":{"line":67,"column":92}},"36":{"start":{"line":68,"column":26},"end":{"line":68,"column":50}},"37":{"start":{"line":69,"column":6},"end":{"line":69,"column":83}},"38":{"start":{"line":70,"column":6},"end":{"line":70,"column":null}},"39":{"start":{"line":71,"column":6},"end":{"line":71,"column":16}},"40":{"start":{"line":73,"column":6},"end":{"line":73,"column":19}},"41":{"start":{"line":75,"column":6},"end":{"line":75,"column":35}},"42":{"start":{"line":80,"column":2},"end":{"line":82,"column":null}},"43":{"start":{"line":81,"column":4},"end":{"line":81,"column":null}},"44":{"start":{"line":84,"column":2},"end":{"line":93,"column":null}},"45":{"start":{"line":4,"column":0},"end":{"line":4,"column":24}}},"fnMap":{"0":{"name":"useRequestProcessor","decl":{"start":{"line":4,"column":24},"end":{"line":4,"column":43}},"loc":{"start":{"line":4,"column":82},"end":{"line":94,"column":1}}},"1":{"name":"(anonymous_1)","decl":{"start":{"line":12,"column":18},"end":{"line":12,"column":23}},"loc":{"start":{"line":12,"column":29},"end":{"line":38,"column":3}}},"2":{"name":"(anonymous_2)","decl":{"start":{"line":40,"column":21},"end":{"line":40,"column":26}},"loc":{"start":{"line":40,"column":44},"end":{"line":78,"column":3}}},"3":{"name":"(anonymous_3)","decl":{"start":{"line":80,"column":12},"end":{"line":80,"column":15}},"loc":{"start":{"line":80,"column":17},"end":{"line":82,"column":3}}}},"branchMap":{"0":{"loc":{"start":{"line":13,"column":4},"end":{"line":33,"column":5}},"type":"if","locations":[{"start":{"line":13,"column":4},"end":{"line":33,"column":5}}]},"1":{"loc":{"start":{"line":18,"column":8},"end":{"line":21,"column":9}},"type":"if","locations":[{"start":{"line":18,"column":8},"end":{"line":21,"column":9}}]},"2":{"loc":{"start":{"line":35,"column":33},"end":{"line":35,"column":86}},"type":"binary-expr","locations":[{"start":{"line":35,"column":33},"end":{"line":35,"column":80}},{"start":{"line":35,"column":84},"end":{"line":35,"column":86}}]},"3":{"loc":{"start":{"line":42,"column":4},"end":{"line":63,"column":5}},"type":"if","locations":[{"start":{"line":42,"column":4},"end":{"line":63,"column":5}}]},"4":{"loc":{"start":{"line":52,"column":8},"end":{"line":55,"column":9}},"type":"if","locations":[{"start":{"line":52,"column":8},"end":{"line":55,"column":9}}]},"5":{"loc":{"start":{"line":67,"column":36},"end":{"line":67,"column":91}},"type":"binary-expr","locations":[{"start":{"line":67,"column":36},"end":{"line":67,"column":83}},{"start":{"line":67,"column":87},"end":{"line":67,"column":91}}]}},"s":{"0":4,"1":19,"2":19,"3":19,"4":19,"5":19,"6":7,"7":4,"8":4,"9":4,"10":4,"11":2,"12":0,"13":2,"14":2,"15":2,"16":2,"17":2,"18":4,"19":4,"20":3,"21":3,"22":19,"23":3,"24":2,"25":2,"26":2,"27":2,"28":0,"29":0,"30":0,"31":2,"32":2,"33":2,"34":1,"35":1,"36":1,"37":1,"38":1,"39":1,"40":1,"41":0,"42":19,"43":6,"44":19,"45":4},"f":{"0":19,"1":7,"2":3,"3":6},"b":{"0":[4],"1":[2],"2":[3,0],"3":[2],"4":[0],"5":[1,0]}}
}
