TN:
SF:imageMock.js
FNF:0
FNH:0
DA:1,1
LF:1
LH:1
BRF:0
BRH:0
end_of_record
TN:
SF:src\components\Article.tsx
FN:1,Article
FNF:1
FNH:1
FNDA:4,Article
DA:1,2
DA:2,4
LF:2
LH:2
BRDA:24,0,0,4
BRDA:24,0,1,2
BRDA:24,0,2,1
BRF:3
BRH:3
end_of_record
TN:
SF:src\components\Articles.tsx
FN:7,ArticlePage
FN:19,(anonymous_1)
FNF:2
FNH:2
FNDA:3,ArticlePage
FNDA:2,(anonymous_1)
DA:1,1
DA:2,1
DA:3,1
DA:4,1
DA:5,1
DA:7,1
DA:8,3
DA:9,3
DA:11,3
DA:20,2
LF:10
LH:10
BRDA:16,0,0,1
BRDA:16,0,1,2
BRDA:17,1,0,1
BRDA:17,1,1,1
BRF:4
BRH:4
end_of_record
TN:
SF:src\components\Book.tsx
FN:7,Book
FN:42,(anonymous_1)
FNF:2
FNH:2
FNDA:3,Book
FNDA:2,(anonymous_1)
DA:7,2
DA:8,3
DA:46,2
LF:3
LH:3
BRDA:20,0,0,3
BRDA:20,0,1,1
BRF:2
BRH:2
end_of_record
TN:
SF:src\components\BookForm.tsx
FN:12,BookForm
FN:15,(anonymous_1)
FN:20,(anonymous_2)
FN:40,(anonymous_3)
FN:88,(anonymous_4)
FNF:5
FNH:5
FNDA:12,BookForm
FNDA:6,(anonymous_1)
FNDA:2,(anonymous_2)
FNDA:4,(anonymous_3)
FNDA:2,(anonymous_4)
DA:1,2
DA:3,2
DA:12,2
DA:13,12
DA:15,12
DA:16,6
DA:17,6
DA:20,12
DA:21,2
DA:22,1
DA:23,1
DA:25,1
DA:26,0
DA:27,0
DA:29,1
DA:30,0
DA:31,0
DA:33,1
DA:34,0
DA:35,0
DA:38,1
DA:40,12
DA:41,4
DA:43,12
DA:89,2
DA:90,2
LF:26
LH:20
BRDA:21,0,0,1
BRDA:25,1,0,0
BRDA:29,2,0,0
BRDA:33,3,0,0
BRDA:85,4,0,12
BRDA:85,4,1,0
BRF:6
BRH:2
end_of_record
TN:
SF:src\components\ErrorDisplay.tsx
FN:1,ErrorDisplay
FNF:1
FNH:1
FNDA:2,ErrorDisplay
DA:1,4
DA:2,2
LF:2
LH:2
BRF:0
BRH:0
end_of_record
TN:
SF:src\components\Home.tsx
FN:8,Home
FN:30,(anonymous_1)
FNF:2
FNH:2
FNDA:3,Home
FNDA:2,(anonymous_1)
DA:1,1
DA:2,1
DA:3,1
DA:4,1
DA:5,1
DA:6,1
DA:8,1
DA:9,3
DA:10,3
DA:12,3
DA:31,2
LF:11
LH:11
BRDA:18,0,0,1
BRDA:18,0,1,2
BRDA:20,1,0,1
BRDA:20,1,1,1
BRF:4
BRH:4
end_of_record
TN:
SF:src\components\Library.tsx
FN:6,LibraryPage
FN:24,(anonymous_1)
FN:32,(anonymous_2)
FN:42,(anonymous_3)
FN:50,(anonymous_4)
FN:53,(anonymous_5)
FNF:6
FNH:3
FNDA:8,LibraryPage
FNDA:0,(anonymous_1)
FNDA:0,(anonymous_2)
FNDA:2,(anonymous_3)
FNDA:12,(anonymous_4)
FNDA:0,(anonymous_5)
DA:1,1
DA:3,1
DA:4,1
DA:6,1
DA:14,8
DA:16,8
DA:17,8
DA:24,8
DA:25,0
DA:26,0
DA:28,0
DA:32,8
DA:33,0
DA:34,0
DA:35,0
DA:38,8
DA:42,2
DA:51,12
DA:53,0
LF:19
LH:12
BRDA:25,0,0,0
BRDA:25,0,1,0
BRDA:43,1,0,8
BRDA:43,1,1,0
BRDA:46,2,0,8
BRDA:46,2,1,0
BRDA:49,3,0,8
BRDA:49,3,1,0
BRF:8
BRH:3
end_of_record
TN:
SF:src\components\Loader.tsx
FN:1,Loader
FNF:1
FNH:1
FNDA:2,Loader
DA:1,2
DA:2,2
LF:2
LH:2
BRF:0
BRH:0
end_of_record
TN:
SF:src\constants\url-details.ts
FNF:0
FNH:0
DA:3,3
DA:4,3
LF:2
LH:2
BRF:0
BRH:0
end_of_record
TN:
SF:src\hooks\useRequestProcessor.ts
FN:4,useRequestProcessor
FN:12,(anonymous_1)
FN:40,(anonymous_2)
FN:80,(anonymous_3)
FN:109,(anonymous_4)
FN:127,(anonymous_5)
FNF:6
FNH:4
FNDA:19,useRequestProcessor
FNDA:7,(anonymous_1)
FNDA:3,(anonymous_2)
FNDA:0,(anonymous_3)
FNDA:0,(anonymous_4)
FNDA:6,(anonymous_5)
DA:1,4
DA:4,4
DA:6,19
DA:7,19
DA:8,19
DA:10,19
DA:12,19
DA:13,7
DA:14,4
DA:15,4
DA:16,4
DA:18,4
DA:19,2
DA:20,0
DA:23,2
DA:24,2
DA:25,2
DA:27,2
DA:28,2
DA:30,4
DA:32,4
DA:35,3
DA:36,3
DA:40,19
DA:42,3
DA:43,2
DA:44,2
DA:45,2
DA:52,2
DA:53,0
DA:54,0
DA:56,0
DA:58,2
DA:60,2
DA:62,2
DA:65,1
DA:67,1
DA:68,1
DA:69,1
DA:70,1
DA:71,1
DA:73,1
DA:75,0
DA:80,19
DA:82,0
DA:83,0
DA:84,0
DA:85,0
DA:92,0
DA:93,0
DA:94,0
DA:96,0
DA:98,0
DA:100,0
DA:102,0
DA:105,0
DA:106,0
DA:109,0
DA:111,0
DA:112,0
DA:113,0
DA:116,0
DA:117,0
DA:118,0
DA:120,0
DA:122,0
DA:127,19
DA:128,6
DA:131,19
LF:69
LH:42
BRDA:13,0,0,4
BRDA:18,1,0,2
BRDA:35,2,0,3
BRDA:35,2,1,0
BRDA:42,3,0,2
BRDA:52,4,0,0
BRDA:67,5,0,1
BRDA:67,5,1,0
BRDA:82,6,0,0
BRDA:92,7,0,0
BRDA:106,8,0,0
BRDA:106,8,1,0
BRDA:111,9,0,0
BRF:13
BRH:5
end_of_record
